# JRE version: Java(TM) SE Runtime Environment (8.0_151-b12) (build 1.8.0_151-b12)
# Java VM: Java HotSpot(TM) 64-Bit Server VM (25.151-b12 mixed mode windows-amd64 compressed oops)
Heap:
 PSYoungGen      total 204800K, used 49726K [0x0000000780780000, 0x0000000793b80000, 0x00000007c0000000)
  eden space 196608K, 25% used [0x0000000780780000,0x000000078380fbd8,0x000000078c780000)
  from space 8192K, 0% used [0x000000078c780000,0x000000078c780000,0x000000078cf80000)
  to   space 15872K, 0% used [0x0000000792c00000,0x0000000792c00000,0x0000000793b80000)
 ParOldGen       total 109056K, used 20132K [0x0000000701600000, 0x0000000708080000, 0x0000000780780000)
  object space 109056K, 18% used [0x0000000701600000,0x00000007029a9148,0x0000000708080000)
 Metaspace       used 37202K, capacity 38828K, committed 39128K, reserved 1083392K
  class space    used 4712K, capacity 5036K, committed 5080K, reserved 1048576K
GC Heap History (10 events):
Event: 10.287 GC heap before
{Heap before GC invocations=3 (full 0):
 PSYoungGen      total 106496K, used 63897K [0x0000000780780000, 0x0000000787780000, 0x00000007c0000000)
  eden space 98304K, 58% used [0x0000000780780000,0x0000000783fd1290,0x0000000786780000)
  from space 8192K, 76% used [0x0000000786f80000,0x00000007875951c8,0x0000000787780000)
  to   space 8192K, 0% used [0x0000000786780000,0x0000000786780000,0x0000000786f80000)
 ParOldGen       total 131072K, used 16K [0x0000000701600000, 0x0000000709600000, 0x0000000780780000)
  object space 131072K, 0% used [0x0000000701600000,0x0000000701604000,0x0000000709600000)
 Metaspace       used 20546K, capacity 21080K, committed 21248K, reserved 1067008K
  class space    used 2603K, capacity 2755K, committed 2816K, reserved 1048576K
Event: 10.353 GC heap after
Heap after GC invocations=3 (full 0):
 PSYoungGen      total 106496K, used 8183K [0x0000000780780000, 0x000000078d780000, 0x00000007c0000000)
  eden space 98304K, 0% used [0x0000000780780000,0x0000000780780000,0x0000000786780000)
  from space 8192K, 99% used [0x0000000786780000,0x0000000786f7dcd8,0x0000000786f80000)
  to   space 8192K, 0% used [0x000000078cf80000,0x000000078cf80000,0x000000078d780000)
 ParOldGen       total 131072K, used 1757K [0x0000000701600000, 0x0000000709600000, 0x0000000780780000)
  object space 131072K, 1% used [0x0000000701600000,0x00000007017b7648,0x0000000709600000)
 Metaspace       used 20546K, capacity 21080K, committed 21248K, reserved 1067008K
  class space    used 2603K, capacity 2755K, committed 2816K, reserved 1048576K
}
Event: 10.353 GC heap before
{Heap before GC invocations=4 (full 1):
 PSYoungGen      total 106496K, used 8183K [0x0000000780780000, 0x000000078d780000, 0x00000007c0000000)
  eden space 98304K, 0% used [0x0000000780780000,0x0000000780780000,0x0000000786780000)
  from space 8192K, 99% used [0x0000000786780000,0x0000000786f7dcd8,0x0000000786f80000)
  to   space 8192K, 0% used [0x000000078cf80000,0x000000078cf80000,0x000000078d780000)
 ParOldGen       total 131072K, used 1757K [0x0000000701600000, 0x0000000709600000, 0x0000000780780000)
  object space 131072K, 1% used [0x0000000701600000,0x00000007017b7648,0x0000000709600000)
 Metaspace       used 20546K, capacity 21080K, committed 21248K, reserved 1067008K
  class space    used 2603K, capacity 2755K, committed 2816K, reserved 1048576K
Event: 10.472 GC heap after
Heap after GC invocations=4 (full 1):
 PSYoungGen      total 106496K, used 0K [0x0000000780780000, 0x000000078d780000, 0x00000007c0000000)
  eden space 98304K, 0% used [0x0000000780780000,0x0000000780780000,0x0000000786780000)
  from space 8192K, 0% used [0x0000000786780000,0x0000000786780000,0x0000000786f80000)
  to   space 8192K, 0% used [0x000000078cf80000,0x000000078cf80000,0x000000078d780000)
 ParOldGen       total 72192K, used 9569K [0x0000000701600000, 0x0000000705c80000, 0x0000000780780000)
  object space 72192K, 13% used [0x0000000701600000,0x0000000701f587d0,0x0000000705c80000)
 Metaspace       used 20546K, capacity 21080K, committed 21248K, reserved 1067008K
  class space    used 2603K, capacity 2755K, committed 2816K, reserved 1048576K
}
Event: 14.973 GC heap before
{Heap before GC invocations=5 (full 1):
 PSYoungGen      total 106496K, used 98304K [0x0000000780780000, 0x000000078d780000, 0x00000007c0000000)
  eden space 98304K, 100% used [0x0000000780780000,0x0000000786780000,0x0000000786780000)
  from space 8192K, 0% used [0x0000000786780000,0x0000000786780000,0x0000000786f80000)
  to   space 8192K, 0% used [0x000000078cf80000,0x000000078cf80000,0x000000078d780000)
 ParOldGen       total 72192K, used 9569K [0x0000000701600000, 0x0000000705c80000, 0x0000000780780000)
  object space 72192K, 13% used [0x0000000701600000,0x0000000701f587d0,0x0000000705c80000)
 Metaspace       used 26391K, capacity 27378K, committed 27520K, reserved 1073152K
  class space    used 3348K, capacity 3591K, committed 3712K, reserved 1048576K
Event: 14.985 GC heap after
Heap after GC invocations=5 (full 1):
 PSYoungGen      total 177664K, used 8183K [0x0000000780780000, 0x000000078d780000, 0x00000007c0000000)
  eden space 169472K, 0% used [0x0000000780780000,0x0000000780780000,0x000000078ad00000)
  from space 8192K, 99% used [0x000000078cf80000,0x000000078d77dff0,0x000000078d780000)
  to   space 8192K, 0% used [0x000000078c780000,0x000000078c780000,0x000000078cf80000)
 ParOldGen       total 72192K, used 9673K [0x0000000701600000, 0x0000000705c80000, 0x0000000780780000)
  object space 72192K, 13% used [0x0000000701600000,0x0000000701f72790,0x0000000705c80000)
 Metaspace       used 26391K, capacity 27378K, committed 27520K, reserved 1073152K
  class space    used 3348K, capacity 3591K, committed 3712K, reserved 1048576K
}
Event: 20.868 GC heap before
{Heap before GC invocations=6 (full 1):
 PSYoungGen      total 177664K, used 125959K [0x0000000780780000, 0x000000078d780000, 0x00000007c0000000)
  eden space 169472K, 69% used [0x0000000780780000,0x0000000787a83de0,0x000000078ad00000)
  from space 8192K, 99% used [0x000000078cf80000,0x000000078d77dff0,0x000000078d780000)
  to   space 8192K, 0% used [0x000000078c780000,0x000000078c780000,0x000000078cf80000)
 ParOldGen       total 72192K, used 9673K [0x0000000701600000, 0x0000000705c80000, 0x0000000780780000)
  object space 72192K, 13% used [0x0000000701600000,0x0000000701f72790,0x0000000705c80000)
 Metaspace       used 33812K, capacity 35304K, committed 35416K, reserved 1079296K
  class space    used 4320K, capacity 4622K, committed 4696K, reserved 1048576K
Event: 20.897 GC heap after
Heap after GC invocations=6 (full 1):
 PSYoungGen      total 204800K, used 8176K [0x0000000780780000, 0x0000000793b80000, 0x00000007c0000000)
  eden space 196608K, 0% used [0x0000000780780000,0x0000000780780000,0x000000078c780000)
  from space 8192K, 99% used [0x000000078c780000,0x000000078cf7c070,0x000000078cf80000)
  to   space 15872K, 0% used [0x0000000792c00000,0x0000000792c00000,0x0000000793b80000)
 ParOldGen       total 72192K, used 17573K [0x0000000701600000, 0x0000000705c80000, 0x0000000780780000)
  object space 72192K, 24% used [0x0000000701600000,0x00000007027294f0,0x0000000705c80000)
 Metaspace       used 33812K, capacity 35304K, committed 35416K, reserved 1079296K
  class space    used 4320K, capacity 4622K, committed 4696K, reserved 1048576K
}
Event: 20.897 GC heap before
{Heap before GC invocations=7 (full 2):
 PSYoungGen      total 204800K, used 8176K [0x0000000780780000, 0x0000000793b80000, 0x00000007c0000000)
  eden space 196608K, 0% used [0x0000000780780000,0x0000000780780000,0x000000078c780000)
  from space 8192K, 99% used [0x000000078c780000,0x000000078cf7c070,0x000000078cf80000)
  to   space 15872K, 0% used [0x0000000792c00000,0x0000000792c00000,0x0000000793b80000)
 ParOldGen       total 72192K, used 17573K [0x0000000701600000, 0x0000000705c80000, 0x0000000780780000)
  object space 72192K, 24% used [0x0000000701600000,0x00000007027294f0,0x0000000705c80000)
 Metaspace       used 33812K, capacity 35304K, committed 35416K, reserved 1079296K
  class space    used 4320K, capacity 4622K, committed 4696K, reserved 1048576K
Event: 21.054 GC heap after
Heap after GC invocations=7 (full 2):
 PSYoungGen      total 204800K, used 0K [0x0000000780780000, 0x0000000793b80000, 0x00000007c0000000)
  eden space 196608K, 0% used [0x0000000780780000,0x0000000780780000,0x000000078c780000)
  from space 8192K, 0% used [0x000000078c780000,0x000000078c780000,0x000000078cf80000)
  to   space 15872K, 0% used [0x0000000792c00000,0x0000000792c00000,0x0000000793b80000)
 ParOldGen       total 109056K, used 20132K [0x0000000701600000, 0x0000000708080000, 0x0000000780780000)
  object space 109056K, 18% used [0x0000000701600000,0x00000007029a9148,0x0000000708080000)
 Metaspace       used 33812K, capacity 35304K, committed 35416K, reserved 1079296K
  class space    used 4320K, capacity 4622K, committed 4696K, reserved 1048576K
}

